<?xml version="1.0" encoding="UTF-8"?>
<!-- Generated by org.testng.reporters.JUnitReportReporter -->
<testsuite name="com.transportnswinfo.tests.CopyOfTripPlanner" tests="2" time="52.329" ignored="0" failures="0" timestamp="05 Nov 2018 01:40:42 GMT" skipped="0" hostname="DESKTOP-QCCU53J" errors="0">
  <testcase name="pageLoad" time="43.537" classname="com.transportnswinfo.tests.CopyOfTripPlanner"/>
  <testcase name="tripPlan" time="8.792" classname="com.transportnswinfo.tests.CopyOfTripPlanner"/>
</testsuite> <!-- com.transportnswinfo.tests.CopyOfTripPlanner -->
