<?xml version="1.0" encoding="UTF-8"?>
<!-- Generated by org.testng.reporters.JUnitReportReporter -->
<testsuite name="com.transportnswinfo.tests.TripPlanner" tests="2" time="41.712" ignored="0" failures="0" timestamp="05 Nov 2018 01:43:53 GMT" skipped="0" hostname="DESKTOP-QCCU53J" errors="0">
  <testcase name="pageLoad" time="35.422" classname="com.transportnswinfo.tests.TripPlanner"/>
  <testcase name="tripPlan" time="6.290" classname="com.transportnswinfo.tests.TripPlanner"/>
</testsuite> <!-- com.transportnswinfo.tests.TripPlanner -->
